Arguments: 
  C:\Program Files\nodejs\node.exe C:\Users\huren\AppData\Roaming\npm\node_modules\yarn\bin\yarn.js create react-app basic

PATH: 
  C:\Program Files (x86)\cmder\vendor\bin;C:\Program Files (x86)\cmder\vendor\git-for-windows\cmd;C:\Program Files (x86)\cmder\vendor\conemu-maximus5\ConEmu\Scripts;C:\Program Files (x86)\cmder\vendor\conemu-maximus5;C:\Program Files (x86)\cmder\vendor\conemu-maximus5\ConEmu;C:\Windows\system32;C:\Windows;C:\Windows\System32\Wbem;C:\Windows\System32\WindowsPowerShell\v1.0\;C:\Windows\System32\OpenSSH\;C:\Program Files\Intel\WiFi\bin\;C:\Program Files\Common Files\Intel\WirelessCommon\;C:\Program Files\NVIDIA Corporation\NVIDIA NvDLISR;C:\Program Files (x86)\NVIDIA Corporation\PhysX\Common;C:\Program Files\Git\cmd;C:\Users\huren\AppData\Local\Android\Sdk\tools;C:\Users\huren\AppData\Local\Android\Sdk\platform-tools;C:\Users\huren\AppData\Local\Android\Sdk\emulator;C:\sdk\flutter\bin;C:\Program Files\Java\jdk-14.0.2\bin;C:\Program Files\Java\jdk-14.0.2\jre\bin;C:\Program Files\nodejs\;C:\Users\huren\AppData\Roaming\npm;C:\Program Files\TortoiseGit\bin;C:\Program Files\Docker\Docker\resources\bin;C:\ProgramData\DockerDesktop\version-bin;C:\Program Files\dotnet\;C:\Program Files\MongoDB\Server\5.0\bin\;C:\Users\huren\AppData\Local\Programs\Python\Python39\Scripts\;C:\Users\huren\AppData\Local\Programs\Python\Python39\;C:\Users\huren\AppData\Local\Microsoft\WindowsApps;C:\Users\huren\AppData\Local\Programs\Microsoft VS Code\bin;C:\Program Files (x86)\cmder\vendor\git-for-windows\mingw64\bin;C:\Program Files (x86)\cmder\vendor\git-for-windows\usr\bin;C:\Program Files (x86)\cmder

Yarn version: 
  1.22.10

Node version: 
  14.15.1

Platform: 
  win32 x64

Trace: 
  SyntaxError: D:\demo\my-react\package.json: Unexpected token } in JSON at position 187
      at JSON.parse (<anonymous>)
      at C:\Users\huren\AppData\Roaming\npm\node_modules\yarn\lib\cli.js:1625:59
      at Generator.next (<anonymous>)
      at step (C:\Users\huren\AppData\Roaming\npm\node_modules\yarn\lib\cli.js:310:30)
      at C:\Users\huren\AppData\Roaming\npm\node_modules\yarn\lib\cli.js:321:13

npm manifest: 
  {
    "name": "my-react",
    "version": "1.0.0",
    "description": "",
    "main": "index.js",
    "scripts": {
      "test": "echo \"Error: no test specified\" && exit 1"
    },
    "license": "ISC",
  }

yarn manifest: 
  No manifest

Lockfile: 
  No lockfile
